<?xml version="1.0" encoding="UTF-8"?>
<testsuite name="test_cancel_appointment_tests.TestCancelAppointment-20220523233336" tests="2" file="test_cancel_appointment_tests.py" time="0.010" timestamp="2022-05-23T23:33:36" failures="0" errors="0" skipped="0">
	<testcase classname="test_cancel_appointment_tests.TestCancelAppointment" name="test_cancel_appointment_ok" time="0.003" timestamp="2022-05-23T23:33:36"/>
	<testcase classname="test_cancel_appointment_tests.TestCancelAppointment" name="test_syntax_nok" time="0.007" timestamp="2022-05-23T23:33:36"/>
</testsuite>
